[2014-07-12 12:07:48] START
[2014-07-12 12:47:35] EDIT codegreen_gresb/views/layout.html: 0
[2014-07-12 12:47:57] EDIT codegreen_gresb/views/layout.html: 0
[2014-07-12 12:48:26] EDIT codegreen_gresb/views/layout.html: 0
[2014-07-12 12:49:10] EDIT codegreen_gresb/views/layout.html: 0
[2014-07-12 12:49:36] EDIT codegreen_gresb/views/layout.html: 0
[2014-07-12 12:50:24] EDIT codegreen_gresb/views/layout.html: 0
[2014-07-12 12:52:57] EDIT codegreen_gresb/views/layout.html: 0
[2014-07-12 12:53:20] EDIT codegreen_gresb/views/layout.html: -1
[2014-07-12 12:53:38] EDIT codegreen_gresb/views/layout.html: 1
[2014-07-12 13:00:07] EDIT codegreen_gresb/views/layout.html: 0
[2014-07-12 13:00:32] EDIT codegreen_gresb/views/layout.html: 0
[2014-07-12 13:07:24] EDIT codegreen_gresb/models/menu.py: 0
[2014-07-12 13:08:09] EDIT codegreen_gresb/models/menu.py: 0
[2014-07-12 13:10:20] EDIT codegreen_gresb/models/menu.py: 0
[2014-07-12 13:13:27] EDIT codegreen_gresb/models/menu.py: 1
[2014-07-12 13:13:39] EDIT codegreen_gresb/models/menu.py: 0
[2014-07-12 13:13:50] EDIT codegreen_gresb/models/menu.py: 0
[2014-07-12 13:14:01] EDIT codegreen_gresb/models/menu.py: 0
[2014-07-12 13:14:46] EDIT codegreen_gresb/models/menu.py: 0
[2014-07-12 13:14:49] EDIT codegreen_gresb/models/menu.py: 0
[2014-07-12 13:16:18] EDIT codegreen_gresb/models/menu.py: 0
[2014-07-12 13:16:20] EDIT codegreen_gresb/models/menu.py: 0
[2014-07-12 13:16:28] EDIT codegreen_gresb/models/menu.py: 0
[2014-07-12 13:16:59] EDIT codegreen_gresb/models/menu.py: 0
[2014-07-12 13:17:27] EDIT codegreen_gresb/models/menu.py: 0
[2014-07-12 13:17:38] EDIT codegreen_gresb/models/menu.py: 0
[2014-07-12 13:54:01] CREATE models.py: 0
[2014-07-12 13:58:22] EDIT codegreen_gresb/models/models.py: 8
[2014-07-12 13:58:50] EDIT codegreen_gresb/models/models.py: 0
[2014-07-12 14:01:37] EDIT codegreen_gresb/views/default/index.html: 0
[2014-07-12 14:05:17] EDIT codegreen_gresb/views/default/index.html: -4
[2014-07-12 14:06:15] EDIT codegreen_gresb/views/default/index.html: 0
[2014-07-12 14:07:00] EDIT codegreen_gresb/views/default/index.html: 0
[2014-07-12 14:08:35] EDIT codegreen_gresb/views/default/index.html: 0
[2014-07-12 14:08:50] EDIT codegreen_gresb/views/default/index.html: 0
[2014-07-12 14:09:09] EDIT codegreen_gresb/views/default/index.html: 0
[2014-07-12 14:09:47] EDIT codegreen_gresb/views/default/index.html: 2
[2014-07-12 14:10:47] EDIT codegreen_gresb/views/default/index.html: 0
[2014-07-12 14:11:50] EDIT codegreen_gresb/models/menu.py: 0
[2014-07-12 14:12:15] EDIT codegreen_gresb/models/menu.py: 0
[2014-07-12 14:12:37] EDIT codegreen_gresb/models/menu.py: 0
