[2014-07-09 08:30:15] START
[2014-07-09 08:38:33] EDIT pulse/controllers/default.py: 14
[2014-07-09 08:41:41] EDIT pulse/views/default/index.html: -7
[2014-07-09 08:42:02] CREATE default/pulsar.html: 0
[2014-07-09 08:43:18] EDIT pulse/views/default/pulsar.html: 12
[2014-07-09 08:45:52] EDIT pulse/views/default/index.html: 0
[2014-07-09 12:18:47] EDIT pulse/controllers/default.py: 1
[2014-07-09 12:26:28] EDIT pulse/controllers/default.py: -8
[2014-07-09 12:28:22] EDIT pulse/views/default/pulsar.html: -1
[2014-07-09 12:28:40] CREATE default/pulser.html: 0
[2014-07-09 12:28:48] EDIT pulse/views/default/pulser.html: 11
[2014-07-09 12:29:02] DELETE pulse/views/default/pulsar.html: -14
[2014-07-09 12:31:54] EDIT pulse/controllers/default.py: 1
[2014-07-09 12:39:15] EDIT pulse/controllers/default.py: 3
[2014-07-09 12:41:32] EDIT pulse/views/default/pulser.html: -1
[2014-07-09 12:42:45] EDIT pulse/views/layout.html: 0
[2014-07-09 12:43:52] EDIT pulse/controllers/default.py: 0
[2014-07-09 21:17:40] EDIT pulse/views/layout.html: 3
[2014-07-09 21:18:47] EDIT pulse/views/layout.html: 3
[2014-07-09 21:21:24] CREATE test/index.html: 0
[2014-07-09 21:22:42] CREATE test.py: 0
[2014-07-09 21:24:01] EDIT pulse/controllers/test.py: 3
[2014-07-09 21:32:09] EDIT pulse/views/layout.html: -6
[2014-07-09 21:35:24] EDIT pulse/views/test/index.html: 6
[2014-07-09 21:40:14] EDIT pulse/controllers/default.py: 0
[2014-07-10 07:23:10] EDIT pulse/controllers/default.py: 7
[2014-07-10 07:24:01] EDIT pulse/controllers/default.py: 0
[2014-07-10 07:30:39] EDIT pulse/views/default/index.html: 4
[2014-07-10 07:31:28] EDIT pulse/views/default/index.html: 0
[2014-07-10 07:41:32] CREATE default/pulse.html: 0
[2014-07-10 07:41:39] EDIT pulse/views/default/pulse.html: 10
[2014-07-10 07:47:30] EDIT pulse/controllers/default.py: -6
[2014-07-10 07:49:49] EDIT pulse/views/default/index.html: 0
[2014-07-10 13:12:31] EDIT pulse/controllers/default.py: 0
[2014-07-10 13:49:30] EDIT pulse/controllers/default.py: 0
[2014-07-10 13:54:24] EDIT pulse/models/db.py: 0
[2014-07-10 20:06:47] EDIT pulse/views/default/index.html: 0
[2014-07-10 20:09:23] EDIT pulse/views/default/index.html: 0
[2014-07-10 20:09:57] EDIT pulse/views/default/index.html: 0
[2014-07-10 20:10:00] EDIT pulse/controllers/default.py: 0
[2014-07-10 20:11:05] EDIT pulse/controllers/default.py: 1
[2014-07-10 20:11:56] EDIT pulse/views/default/index.html: 0
[2014-07-10 20:12:17] EDIT pulse/views/default/index.html: 0
[2014-07-10 20:13:46] EDIT pulse/views/default/index.html: 0
[2014-07-10 20:22:06] EDIT pulse/controllers/default.py: 1
[2014-07-10 20:24:48] EDIT pulse/controllers/default.py: 2
[2014-07-10 20:27:36] EDIT pulse/views/default/index.html: 0
[2014-07-11 08:08:38] EDIT pulse/views/default/index.html: 0
[2014-07-11 08:27:10] EDIT pulse/controllers/default.py: 36
[2014-07-11 08:28:24] EDIT pulse/controllers/default.py: 10
[2014-07-11 08:29:06] EDIT pulse/controllers/default.py: 0
[2014-07-11 08:33:02] EDIT pulse/views/layout.html: 1
[2014-07-11 08:33:51] EDIT pulse/views/layout.html: 0
[2014-07-11 08:36:14] EDIT pulse/controllers/default.py: 1
[2014-07-11 08:37:40] EDIT pulse/controllers/default.py: 0
[2014-07-11 08:38:46] EDIT pulse/controllers/default.py: 1
[2014-07-11 08:38:53] EDIT pulse/controllers/default.py: 0
[2014-07-11 08:39:46] EDIT pulse/views/layout.html: 2
[2014-07-11 08:45:04] EDIT pulse/controllers/default.py: -2
