timestamp: 2014-07-12T12:07:53.689327
CREATE TABLE auth_user(
    id INTEGER PRIMARY KEY AUTOINCREMENT,
    first_name CHAR(128),
    last_name CHAR(128),
    email CHAR(512),
    password CHAR(512),
    registration_key CHAR(512),
    reset_password_key CHAR(512),
    registration_id CHAR(512)
);
success!
timestamp: 2014-07-12T12:07:53.890121
CREATE TABLE auth_group(
    id INTEGER PRIMARY KEY AUTOINCREMENT,
    role CHAR(512),
    description TEXT
);
success!
timestamp: 2014-07-12T12:07:54.016088
CREATE TABLE auth_membership(
    id INTEGER PRIMARY KEY AUTOINCREMENT,
    user_id INTEGER REFERENCES auth_user (id) ON DELETE CASCADE,
    group_id INTEGER REFERENCES auth_group (id) ON DELETE CASCADE
);
success!
timestamp: 2014-07-12T12:07:54.158850
CREATE TABLE auth_permission(
    id INTEGER PRIMARY KEY AUTOINCREMENT,
    group_id INTEGER REFERENCES auth_group (id) ON DELETE CASCADE,
    name CHAR(512),
    table_name CHAR(512),
    record_id INTEGER
);
success!
timestamp: 2014-07-12T12:07:54.318086
CREATE TABLE auth_event(
    id INTEGER PRIMARY KEY AUTOINCREMENT,
    time_stamp TIMESTAMP,
    client_ip CHAR(512),
    user_id INTEGER REFERENCES auth_user (id) ON DELETE CASCADE,
    origin CHAR(512),
    description TEXT
);
success!
timestamp: 2014-07-12T12:07:54.493918
CREATE TABLE auth_cas(
    id INTEGER PRIMARY KEY AUTOINCREMENT,
    user_id INTEGER REFERENCES auth_user (id) ON DELETE CASCADE,
    created_on TIMESTAMP,
    service CHAR(512),
    ticket CHAR(512),
    renew CHAR(1)
);
success!
timestamp: 2014-07-12T13:58:57.991852
CREATE TABLE electric(
    id INTEGER PRIMARY KEY AUTOINCREMENT,
    TotalElectricEnergyPurchasedByOrganization DOUBLE,
    TotalElectricEnergyPurchasedByOrganizationUnits CHAR(512),
    TotalElectricEnergyPurchasedByDirectlyMeteredTenants DOUBLE,
    TotalElectricEnergyPurchasedByDirectlyMeteredTenantsUnits CHAR(512),
    TotalElectricEnergyPurchasedBySubMeteredTenants DOUBLE,
    TotalElectricEnergyPurchasedBySubMeteredTenantsUnits CHAR(512)
);
success!
